{"/Users/sibidharan/Developer/LocalDNS/desktop/app/src/lib/api.ts": {"path":"/Users/sibidharan/Developer/LocalDNS/desktop/app/src/lib/api.ts","statementMap":{"0":{"start":{"line":18,"column":19},"end":{"line":53,"column":null}},"1":{"start":{"line":19,"column":16},"end":{"line":19,"column":null}},"2":{"start":{"line":21,"column":12},"end":{"line":21,"column":null}},"3":{"start":{"line":22,"column":15},"end":{"line":22,"column":null}},"4":{"start":{"line":23,"column":15},"end":{"line":23,"column":null}},"5":{"start":{"line":24,"column":31},"end":{"line":25,"column":null}},"6":{"start":{"line":26,"column":35},"end":{"line":27,"column":null}},"7":{"start":{"line":29,"column":20},"end":{"line":30,"column":null}},"8":{"start":{"line":31,"column":31},"end":{"line":32,"column":null}},"9":{"start":{"line":34,"column":15},"end":{"line":34,"column":null}},"10":{"start":{"line":35,"column":16},"end":{"line":36,"column":null}},"11":{"start":{"line":38,"column":13},"end":{"line":38,"column":null}},"12":{"start":{"line":39,"column":15},"end":{"line":39,"column":null}},"13":{"start":{"line":41,"column":15},"end":{"line":41,"column":null}},"14":{"start":{"line":42,"column":17},"end":{"line":42,"column":null}},"15":{"start":{"line":44,"column":13},"end":{"line":44,"column":null}},"16":{"start":{"line":45,"column":22},"end":{"line":46,"column":null}},"17":{"start":{"line":48,"column":20},"end":{"line":48,"column":null}},"18":{"start":{"line":49,"column":16},"end":{"line":49,"column":null}},"19":{"start":{"line":50,"column":25},"end":{"line":50,"column":null}},"20":{"start":{"line":52,"column":8},"end":{"line":52,"column":null}}},"fnMap":{"0":{"name":"(anonymous_0)","decl":{"start":{"line":19,"column":16},"end":{"line":19,"column":22}},"loc":{"start":{"line":19,"column":16},"end":{"line":19,"column":null}},"line":19},"1":{"name":"(anonymous_1)","decl":{"start":{"line":21,"column":11},"end":{"line":21,"column":12}},"loc":{"start":{"line":21,"column":12},"end":{"line":21,"column":null}},"line":21},"2":{"name":"(anonymous_2)","decl":{"start":{"line":22,"column":14},"end":{"line":22,"column":15}},"loc":{"start":{"line":22,"column":15},"end":{"line":22,"column":null}},"line":22},"3":{"name":"(anonymous_3)","decl":{"start":{"line":23,"column":14},"end":{"line":23,"column":15}},"loc":{"start":{"line":23,"column":15},"end":{"line":23,"column":null}},"line":23},"4":{"name":"(anonymous_4)","decl":{"start":{"line":24,"column":18},"end":{"line":24,"column":19}},"loc":{"start":{"line":24,"column":31},"end":{"line":25,"column":null}},"line":24},"5":{"name":"(anonymous_5)","decl":{"start":{"line":26,"column":19},"end":{"line":26,"column":20}},"loc":{"start":{"line":26,"column":35},"end":{"line":27,"column":null}},"line":26},"6":{"name":"(anonymous_6)","decl":{"start":{"line":29,"column":19},"end":{"line":29,"column":20}},"loc":{"start":{"line":29,"column":20},"end":{"line":30,"column":null}},"line":29},"7":{"name":"(anonymous_7)","decl":{"start":{"line":31,"column":16},"end":{"line":31,"column":17}},"loc":{"start":{"line":31,"column":31},"end":{"line":32,"column":null}},"line":31},"8":{"name":"(anonymous_8)","decl":{"start":{"line":34,"column":15},"end":{"line":34,"column":21}},"loc":{"start":{"line":34,"column":15},"end":{"line":34,"column":null}},"line":34},"9":{"name":"(anonymous_9)","decl":{"start":{"line":35,"column":15},"end":{"line":35,"column":16}},"loc":{"start":{"line":35,"column":16},"end":{"line":36,"column":null}},"line":35},"10":{"name":"(anonymous_10)","decl":{"start":{"line":38,"column":13},"end":{"line":38,"column":19}},"loc":{"start":{"line":38,"column":13},"end":{"line":38,"column":null}},"line":38},"11":{"name":"(anonymous_11)","decl":{"start":{"line":39,"column":15},"end":{"line":39,"column":21}},"loc":{"start":{"line":39,"column":15},"end":{"line":39,"column":null}},"line":39},"12":{"name":"(anonymous_12)","decl":{"start":{"line":41,"column":15},"end":{"line":41,"column":21}},"loc":{"start":{"line":41,"column":15},"end":{"line":41,"column":null}},"line":41},"13":{"name":"(anonymous_13)","decl":{"start":{"line":42,"column":17},"end":{"line":42,"column":23}},"loc":{"start":{"line":42,"column":17},"end":{"line":42,"column":null}},"line":42},"14":{"name":"(anonymous_14)","decl":{"start":{"line":44,"column":13},"end":{"line":44,"column":19}},"loc":{"start":{"line":44,"column":13},"end":{"line":44,"column":null}},"line":44},"15":{"name":"(anonymous_15)","decl":{"start":{"line":45,"column":21},"end":{"line":45,"column":22}},"loc":{"start":{"line":45,"column":22},"end":{"line":46,"column":null}},"line":45},"16":{"name":"(anonymous_16)","decl":{"start":{"line":48,"column":20},"end":{"line":48,"column":26}},"loc":{"start":{"line":48,"column":20},"end":{"line":48,"column":null}},"line":48},"17":{"name":"(anonymous_17)","decl":{"start":{"line":49,"column":16},"end":{"line":49,"column":22}},"loc":{"start":{"line":49,"column":16},"end":{"line":49,"column":null}},"line":49},"18":{"name":"(anonymous_18)","decl":{"start":{"line":50,"column":25},"end":{"line":50,"column":31}},"loc":{"start":{"line":50,"column":25},"end":{"line":50,"column":null}},"line":50},"19":{"name":"(anonymous_19)","decl":{"start":{"line":52,"column":8},"end":{"line":52,"column":14}},"loc":{"start":{"line":52,"column":8},"end":{"line":52,"column":null}},"line":52}},"branchMap":{},"s":{"0":2,"1":2,"2":1,"3":1,"4":1,"5":1,"6":1,"7":1,"8":1,"9":1,"10":1,"11":2,"12":1,"13":2,"14":1,"15":1,"16":1,"17":4,"18":1,"19":1,"20":1},"f":{"0":2,"1":1,"2":1,"3":1,"4":1,"5":1,"6":1,"7":1,"8":1,"9":1,"10":2,"11":1,"12":2,"13":1,"14":1,"15":1,"16":4,"17":1,"18":1,"19":1},"b":{},"meta":{"lastBranch":0,"lastFunction":20,"lastStatement":21,"seen":{"s:18:19:53:Infinity":0,"f:19:16:19:22":0,"s:19:16:19:Infinity":1,"f:21:11:21:12":1,"s:21:12:21:Infinity":2,"f:22:14:22:15":2,"s:22:15:22:Infinity":3,"f:23:14:23:15":3,"s:23:15:23:Infinity":4,"f:24:18:24:19":4,"s:24:31:25:Infinity":5,"f:26:19:26:20":5,"s:26:35:27:Infinity":6,"f:29:19:29:20":6,"s:29:20:30:Infinity":7,"f:31:16:31:17":7,"s:31:31:32:Infinity":8,"f:34:15:34:21":8,"s:34:15:34:Infinity":9,"f:35:15:35:16":9,"s:35:16:36:Infinity":10,"f:38:13:38:19":10,"s:38:13:38:Infinity":11,"f:39:15:39:21":11,"s:39:15:39:Infinity":12,"f:41:15:41:21":12,"s:41:15:41:Infinity":13,"f:42:17:42:23":13,"s:42:17:42:Infinity":14,"f:44:13:44:19":14,"s:44:13:44:Infinity":15,"f:45:21:45:22":15,"s:45:22:46:Infinity":16,"f:48:20:48:26":16,"s:48:20:48:Infinity":17,"f:49:16:49:22":17,"s:49:16:49:Infinity":18,"f:50:25:50:31":18,"s:50:25:50:Infinity":19,"f:52:8:52:14":19,"s:52:8:52:Infinity":20},"fnNames":{}}}
,"/Users/sibidharan/Developer/LocalDNS/desktop/app/src/lib/stores.ts": {"path":"/Users/sibidharan/Developer/LocalDNS/desktop/app/src/lib/stores.ts","statementMap":{"0":{"start":{"line":14,"column":13},"end":{"line":14,"column":null}},"1":{"start":{"line":15,"column":13},"end":{"line":21,"column":null}},"2":{"start":{"line":22,"column":13},"end":{"line":30,"column":null}},"3":{"start":{"line":31,"column":13},"end":{"line":31,"column":null}},"4":{"start":{"line":33,"column":13},"end":{"line":33,"column":null}},"5":{"start":{"line":36,"column":13},"end":{"line":36,"column":null}},"6":{"start":{"line":39,"column":13},"end":{"line":39,"column":null}},"7":{"start":{"line":42,"column":13},"end":{"line":42,"column":null}},"8":{"start":{"line":50,"column":13},"end":{"line":50,"column":null}},"9":{"start":{"line":52,"column":21},"end":{"line":52,"column":null}},"10":{"start":{"line":57,"column":2},"end":{"line":67,"column":null}},"11":{"start":{"line":58,"column":20},"end":{"line":58,"column":null}},"12":{"start":{"line":59,"column":4},"end":{"line":59,"column":null}},"13":{"start":{"line":59,"column":27},"end":{"line":59,"column":null}},"14":{"start":{"line":60,"column":22},"end":{"line":60,"column":null}},"15":{"start":{"line":61,"column":19},"end":{"line":61,"column":null}},"16":{"start":{"line":62,"column":4},"end":{"line":64,"column":null}},"17":{"start":{"line":63,"column":6},"end":{"line":63,"column":null}},"18":{"start":{"line":71,"column":20},"end":{"line":71,"column":null}},"19":{"start":{"line":72,"column":17},"end":{"line":72,"column":null}},"20":{"start":{"line":73,"column":2},"end":{"line":73,"column":null}},"21":{"start":{"line":73,"column":15},"end":{"line":73,"column":null}},"22":{"start":{"line":74,"column":2},"end":{"line":74,"column":null}},"23":{"start":{"line":75,"column":23},"end":{"line":75,"column":null}},"24":{"start":{"line":76,"column":2},"end":{"line":76,"column":null}},"25":{"start":{"line":80,"column":22},"end":{"line":80,"column":null}},"26":{"start":{"line":81,"column":2},"end":{"line":81,"column":null}},"27":{"start":{"line":86,"column":13},"end":{"line":98,"column":null}},"28":{"start":{"line":89,"column":4},"end":{"line":89,"column":null}},"29":{"start":{"line":89,"column":23},"end":{"line":89,"column":null}},"30":{"start":{"line":90,"column":4},"end":{"line":90,"column":null}},"31":{"start":{"line":90,"column":26},"end":{"line":90,"column":null}},"32":{"start":{"line":91,"column":4},"end":{"line":91,"column":null}},"33":{"start":{"line":91,"column":20},"end":{"line":91,"column":null}},"34":{"start":{"line":93,"column":6},"end":{"line":95,"column":null}},"35":{"start":{"line":95,"column":38},"end":{"line":95,"column":62}},"36":{"start":{"line":96,"column":4},"end":{"line":96,"column":null}},"37":{"start":{"line":101,"column":13},"end":{"line":111,"column":null}},"38":{"start":{"line":104,"column":4},"end":{"line":104,"column":null}},"39":{"start":{"line":104,"column":23},"end":{"line":104,"column":null}},"40":{"start":{"line":105,"column":4},"end":{"line":105,"column":null}},"41":{"start":{"line":105,"column":26},"end":{"line":105,"column":null}},"42":{"start":{"line":106,"column":18},"end":{"line":106,"column":null}},"43":{"start":{"line":107,"column":4},"end":{"line":107,"column":null}},"44":{"start":{"line":107,"column":21},"end":{"line":107,"column":null}},"45":{"start":{"line":108,"column":15},"end":{"line":108,"column":null}},"46":{"start":{"line":108,"column":49},"end":{"line":108,"column":73}},"47":{"start":{"line":109,"column":4},"end":{"line":109,"column":null}},"48":{"start":{"line":114,"column":2},"end":{"line":118,"column":null}},"49":{"start":{"line":115,"column":4},"end":{"line":115,"column":null}},"50":{"start":{"line":126,"column":13},"end":{"line":126,"column":null}},"51":{"start":{"line":127,"column":15},"end":{"line":127,"column":null}},"52":{"start":{"line":130,"column":13},"end":{"line":130,"column":null}},"53":{"start":{"line":131,"column":2},"end":{"line":131,"column":null}},"54":{"start":{"line":131,"column":25},"end":{"line":131,"column":56}},"55":{"start":{"line":132,"column":2},"end":{"line":132,"column":null}},"56":{"start":{"line":132,"column":19},"end":{"line":132,"column":75}},"57":{"start":{"line":132,"column":42},"end":{"line":132,"column":72}},"58":{"start":{"line":132,"column":60},"end":{"line":132,"column":71}},"59":{"start":{"line":135,"column":18},"end":{"line":135,"column":null}},"60":{"start":{"line":138,"column":2},"end":{"line":138,"column":null}},"61":{"start":{"line":138,"column":19},"end":{"line":138,"column":null}},"62":{"start":{"line":139,"column":2},"end":{"line":139,"column":null}},"63":{"start":{"line":141,"column":15},"end":{"line":141,"column":null}},"64":{"start":{"line":142,"column":2},"end":{"line":142,"column":null}},"65":{"start":{"line":143,"column":2},"end":{"line":143,"column":null}},"66":{"start":{"line":144,"column":2},"end":{"line":144,"column":null}},"67":{"start":{"line":145,"column":2},"end":{"line":145,"column":null}},"68":{"start":{"line":147,"column":2},"end":{"line":147,"column":null}},"69":{"start":{"line":147,"column":50},"end":{"line":147,"column":70}},"70":{"start":{"line":148,"column":2},"end":{"line":151,"column":null}},"71":{"start":{"line":149,"column":4},"end":{"line":149,"column":null}},"72":{"start":{"line":150,"column":4},"end":{"line":150,"column":null}},"73":{"start":{"line":152,"column":2},"end":{"line":152,"column":null}},"74":{"start":{"line":152,"column":52},"end":{"line":152,"column":75}},"75":{"start":{"line":153,"column":2},"end":{"line":153,"column":null}},"76":{"start":{"line":153,"column":52},"end":{"line":153,"column":75}},"77":{"start":{"line":154,"column":2},"end":{"line":157,"column":null}},"78":{"start":{"line":155,"column":4},"end":{"line":155,"column":null}},"79":{"start":{"line":155,"column":34},"end":{"line":155,"column":39}},"80":{"start":{"line":156,"column":4},"end":{"line":156,"column":null}},"81":{"start":{"line":158,"column":2},"end":{"line":158,"column":null}},"82":{"start":{"line":161,"column":21},"end":{"line":165,"column":null}},"83":{"start":{"line":162,"column":18},"end":{"line":162,"column":null}},"84":{"start":{"line":163,"column":4},"end":{"line":163,"column":null}},"85":{"start":{"line":163,"column":31},"end":{"line":163,"column":56}},"86":{"start":{"line":164,"column":4},"end":{"line":164,"column":null}},"87":{"start":{"line":164,"column":17},"end":{"line":164,"column":null}},"88":{"start":{"line":166,"column":2},"end":{"line":166,"column":null}},"89":{"start":{"line":167,"column":2},"end":{"line":167,"column":null}},"90":{"start":{"line":171,"column":2},"end":{"line":174,"column":null}},"91":{"start":{"line":172,"column":4},"end":{"line":172,"column":null}},"92":{"start":{"line":173,"column":4},"end":{"line":173,"column":null}}},"fnMap":{"0":{"name":"checkForUpdates","decl":{"start":{"line":56,"column":22},"end":{"line":56,"column":55}},"loc":{"start":{"line":56,"column":55},"end":{"line":68,"column":null}},"line":56},"1":{"name":"installUpdate","decl":{"start":{"line":70,"column":22},"end":{"line":70,"column":53}},"loc":{"start":{"line":70,"column":53},"end":{"line":77,"column":null}},"line":70},"2":{"name":"openReleasePage","decl":{"start":{"line":79,"column":22},"end":{"line":79,"column":55}},"loc":{"start":{"line":79,"column":55},"end":{"line":82,"column":null}},"line":79},"3":{"name":"(anonymous_3)","decl":{"start":{"line":88,"column":2},"end":{"line":88,"column":3}},"loc":{"start":{"line":88,"column":72},"end":{"line":97,"column":null}},"line":88},"4":{"name":"(anonymous_4)","decl":{"start":{"line":95,"column":31},"end":{"line":95,"column":32}},"loc":{"start":{"line":95,"column":38},"end":{"line":95,"column":62}},"line":95},"5":{"name":"(anonymous_5)","decl":{"start":{"line":103,"column":2},"end":{"line":103,"column":3}},"loc":{"start":{"line":103,"column":28},"end":{"line":110,"column":null}},"line":103},"6":{"name":"(anonymous_6)","decl":{"start":{"line":108,"column":42},"end":{"line":108,"column":43}},"loc":{"start":{"line":108,"column":49},"end":{"line":108,"column":73}},"line":108},"7":{"name":"refreshOverview","decl":{"start":{"line":113,"column":22},"end":{"line":113,"column":40}},"loc":{"start":{"line":113,"column":40},"end":{"line":119,"column":null}},"line":113},"8":{"name":"toast","decl":{"start":{"line":129,"column":16},"end":{"line":129,"column":22}},"loc":{"start":{"line":129,"column":74},"end":{"line":133,"column":null}},"line":129},"9":{"name":"(anonymous_9)","decl":{"start":{"line":131,"column":16},"end":{"line":131,"column":17}},"loc":{"start":{"line":131,"column":25},"end":{"line":131,"column":56}},"line":131},"10":{"name":"(anonymous_10)","decl":{"start":{"line":132,"column":13},"end":{"line":132,"column":19}},"loc":{"start":{"line":132,"column":19},"end":{"line":132,"column":75}},"line":132},"11":{"name":"(anonymous_11)","decl":{"start":{"line":132,"column":33},"end":{"line":132,"column":34}},"loc":{"start":{"line":132,"column":42},"end":{"line":132,"column":72}},"line":132},"12":{"name":"(anonymous_12)","decl":{"start":{"line":132,"column":53},"end":{"line":132,"column":54}},"loc":{"start":{"line":132,"column":60},"end":{"line":132,"column":71}},"line":132},"13":{"name":"initStores","decl":{"start":{"line":137,"column":22},"end":{"line":137,"column":35}},"loc":{"start":{"line":137,"column":35},"end":{"line":175,"column":null}},"line":137},"14":{"name":"(anonymous_14)","decl":{"start":{"line":147,"column":43},"end":{"line":147,"column":44}},"loc":{"start":{"line":147,"column":50},"end":{"line":147,"column":70}},"line":147},"15":{"name":"(anonymous_15)","decl":{"start":{"line":148,"column":46},"end":{"line":148,"column":47}},"loc":{"start":{"line":148,"column":53},"end":{"line":151,"column":3}},"line":148},"16":{"name":"(anonymous_16)","decl":{"start":{"line":152,"column":45},"end":{"line":152,"column":46}},"loc":{"start":{"line":152,"column":52},"end":{"line":152,"column":75}},"line":152},"17":{"name":"(anonymous_17)","decl":{"start":{"line":153,"column":45},"end":{"line":153,"column":46}},"loc":{"start":{"line":153,"column":52},"end":{"line":153,"column":75}},"line":153},"18":{"name":"(anonymous_18)","decl":{"start":{"line":154,"column":35},"end":{"line":154,"column":41}},"loc":{"start":{"line":154,"column":41},"end":{"line":157,"column":3}},"line":154},"19":{"name":"(anonymous_19)","decl":{"start":{"line":155,"column":27},"end":{"line":155,"column":28}},"loc":{"start":{"line":155,"column":34},"end":{"line":155,"column":39}},"line":155},"20":{"name":"(anonymous_20)","decl":{"start":{"line":161,"column":21},"end":{"line":161,"column":27}},"loc":{"start":{"line":161,"column":27},"end":{"line":165,"column":null}},"line":161},"21":{"name":"(anonymous_21)","decl":{"start":{"line":163,"column":23},"end":{"line":163,"column":24}},"loc":{"start":{"line":163,"column":31},"end":{"line":163,"column":56}},"line":163},"22":{"name":"(anonymous_22)","decl":{"start":{"line":171,"column":35},"end":{"line":171,"column":47}},"loc":{"start":{"line":171,"column":47},"end":{"line":174,"column":3}},"line":171}},"branchMap":{"0":{"loc":{"start":{"line":59,"column":4},"end":{"line":59,"column":null}},"type":"if","locations":[{"start":{"line":59,"column":4},"end":{"line":59,"column":null}},{"start":{},"end":{}}],"line":59},"1":{"loc":{"start":{"line":62,"column":4},"end":{"line":64,"column":null}},"type":"if","locations":[{"start":{"line":62,"column":4},"end":{"line":64,"column":null}},{"start":{},"end":{}}],"line":62},"2":{"loc":{"start":{"line":73,"column":2},"end":{"line":73,"column":null}},"type":"if","locations":[{"start":{"line":73,"column":2},"end":{"line":73,"column":null}},{"start":{},"end":{}}],"line":73},"3":{"loc":{"start":{"line":89,"column":4},"end":{"line":89,"column":null}},"type":"if","locations":[{"start":{"line":89,"column":4},"end":{"line":89,"column":null}},{"start":{},"end":{}}],"line":89},"4":{"loc":{"start":{"line":90,"column":4},"end":{"line":90,"column":null}},"type":"if","locations":[{"start":{"line":90,"column":4},"end":{"line":90,"column":null}},{"start":{},"end":{}}],"line":90},"5":{"loc":{"start":{"line":91,"column":4},"end":{"line":91,"column":null}},"type":"if","locations":[{"start":{"line":91,"column":4},"end":{"line":91,"column":null}},{"start":{},"end":{}}],"line":91},"6":{"loc":{"start":{"line":93,"column":6},"end":{"line":95,"column":null}},"type":"binary-expr","locations":[{"start":{"line":93,"column":6},"end":{"line":93,"column":null}},{"start":{"line":94,"column":6},"end":{"line":94,"column":null}},{"start":{"line":95,"column":6},"end":{"line":95,"column":null}}],"line":93},"7":{"loc":{"start":{"line":96,"column":11},"end":{"line":96,"column":null}},"type":"cond-expr","locations":[{"start":{"line":96,"column":21},"end":{"line":96,"column":30}},{"start":{"line":96,"column":30},"end":{"line":96,"column":null}}],"line":96},"8":{"loc":{"start":{"line":104,"column":4},"end":{"line":104,"column":null}},"type":"if","locations":[{"start":{"line":104,"column":4},"end":{"line":104,"column":null}},{"start":{},"end":{}}],"line":104},"9":{"loc":{"start":{"line":105,"column":4},"end":{"line":105,"column":null}},"type":"if","locations":[{"start":{"line":105,"column":4},"end":{"line":105,"column":null}},{"start":{},"end":{}}],"line":105},"10":{"loc":{"start":{"line":106,"column":18},"end":{"line":106,"column":null}},"type":"binary-expr","locations":[{"start":{"line":106,"column":18},"end":{"line":106,"column":48}},{"start":{"line":106,"column":48},"end":{"line":106,"column":null}}],"line":106},"11":{"loc":{"start":{"line":107,"column":4},"end":{"line":107,"column":null}},"type":"if","locations":[{"start":{"line":107,"column":4},"end":{"line":107,"column":null}},{"start":{},"end":{}}],"line":107},"12":{"loc":{"start":{"line":129,"column":60},"end":{"line":129,"column":74}},"type":"default-arg","locations":[{"start":{"line":129,"column":68},"end":{"line":129,"column":74}}],"line":129},"13":{"loc":{"start":{"line":138,"column":2},"end":{"line":138,"column":null}},"type":"if","locations":[{"start":{"line":138,"column":2},"end":{"line":138,"column":null}},{"start":{},"end":{}}],"line":138},"14":{"loc":{"start":{"line":164,"column":4},"end":{"line":164,"column":null}},"type":"if","locations":[{"start":{"line":164,"column":4},"end":{"line":164,"column":null}},{"start":{},"end":{}}],"line":164}},"s":{"0":1,"1":1,"2":1,"3":1,"4":1,"5":1,"6":1,"7":1,"8":1,"9":1,"10":0,"11":0,"12":0,"13":0,"14":0,"15":0,"16":0,"17":0,"18":0,"19":0,"20":0,"21":0,"22":0,"23":0,"24":0,"25":0,"26":0,"27":1,"28":5,"29":1,"30":4,"31":1,"32":3,"33":0,"34":3,"35":2,"36":5,"37":1,"38":4,"39":1,"40":3,"41":1,"42":2,"43":4,"44":1,"45":1,"46":3,"47":1,"48":3,"49":3,"50":1,"51":1,"52":1,"53":1,"54":1,"55":1,"56":1,"57":1,"58":1,"59":1,"60":1,"61":0,"62":1,"63":1,"64":1,"65":1,"66":1,"67":1,"68":1,"69":1,"70":1,"71":1,"72":1,"73":1,"74":1,"75":1,"76":1,"77":1,"78":1,"79":1,"80":1,"81":1,"82":1,"83":0,"84":0,"85":0,"86":0,"87":0,"88":1,"89":1,"90":1,"91":1,"92":1},"f":{"0":0,"1":0,"2":0,"3":5,"4":2,"5":4,"6":3,"7":3,"8":1,"9":1,"10":1,"11":1,"12":1,"13":1,"14":1,"15":1,"16":1,"17":1,"18":1,"19":1,"20":0,"21":0,"22":1},"b":{"0":[0,0],"1":[0,0],"2":[0,0],"3":[1,4],"4":[1,3],"5":[0,3],"6":[3,2,1],"7":[1,2],"8":[1,3],"9":[1,2],"10":[2,0],"11":[1,3],"12":[1],"13":[0,1],"14":[0,0]},"meta":{"lastBranch":15,"lastFunction":23,"lastStatement":93,"seen":{"s:14:13:14:Infinity":0,"s:15:13:21:Infinity":1,"s:22:13:30:Infinity":2,"s:31:13:31:Infinity":3,"s:33:13:33:Infinity":4,"s:36:13:36:Infinity":5,"s:39:13:39:Infinity":6,"s:42:13:42:Infinity":7,"s:50:13:50:Infinity":8,"s:52:21:52:Infinity":9,"f:56:22:56:55":0,"s:57:2:67:Infinity":10,"s:58:20:58:Infinity":11,"b:59:4:59:Infinity:undefined:undefined:undefined:undefined":0,"s:59:4:59:Infinity":12,"s:59:27:59:Infinity":13,"s:60:22:60:Infinity":14,"s:61:19:61:Infinity":15,"b:62:4:64:Infinity:undefined:undefined:undefined:undefined":1,"s:62:4:64:Infinity":16,"s:63:6:63:Infinity":17,"f:70:22:70:53":1,"s:71:20:71:Infinity":18,"s:72:17:72:Infinity":19,"b:73:2:73:Infinity:undefined:undefined:undefined:undefined":2,"s:73:2:73:Infinity":20,"s:73:15:73:Infinity":21,"s:74:2:74:Infinity":22,"s:75:23:75:Infinity":23,"s:76:2:76:Infinity":24,"f:79:22:79:55":2,"s:80:22:80:Infinity":25,"s:81:2:81:Infinity":26,"s:86:13:98:Infinity":27,"f:88:2:88:3":3,"b:89:4:89:Infinity:undefined:undefined:undefined:undefined":3,"s:89:4:89:Infinity":28,"s:89:23:89:Infinity":29,"b:90:4:90:Infinity:undefined:undefined:undefined:undefined":4,"s:90:4:90:Infinity":30,"s:90:26:90:Infinity":31,"b:91:4:91:Infinity:undefined:undefined:undefined:undefined":5,"s:91:4:91:Infinity":32,"s:91:20:91:Infinity":33,"s:93:6:95:Infinity":34,"b:93:6:93:Infinity:94:6:94:Infinity:95:6:95:Infinity":6,"f:95:31:95:32":4,"s:95:38:95:62":35,"s:96:4:96:Infinity":36,"b:96:21:96:30:96:30:96:Infinity":7,"s:101:13:111:Infinity":37,"f:103:2:103:3":5,"b:104:4:104:Infinity:undefined:undefined:undefined:undefined":8,"s:104:4:104:Infinity":38,"s:104:23:104:Infinity":39,"b:105:4:105:Infinity:undefined:undefined:undefined:undefined":9,"s:105:4:105:Infinity":40,"s:105:26:105:Infinity":41,"s:106:18:106:Infinity":42,"b:106:18:106:48:106:48:106:Infinity":10,"b:107:4:107:Infinity:undefined:undefined:undefined:undefined":11,"s:107:4:107:Infinity":43,"s:107:21:107:Infinity":44,"s:108:15:108:Infinity":45,"f:108:42:108:43":6,"s:108:49:108:73":46,"s:109:4:109:Infinity":47,"f:113:22:113:40":7,"s:114:2:118:Infinity":48,"s:115:4:115:Infinity":49,"s:126:13:126:Infinity":50,"s:127:15:127:Infinity":51,"f:129:16:129:22":8,"b:129:68:129:74":12,"s:130:13:130:Infinity":52,"s:131:2:131:Infinity":53,"f:131:16:131:17":9,"s:131:25:131:56":54,"s:132:2:132:Infinity":55,"f:132:13:132:19":10,"s:132:19:132:75":56,"f:132:33:132:34":11,"s:132:42:132:72":57,"f:132:53:132:54":12,"s:132:60:132:71":58,"s:135:18:135:Infinity":59,"f:137:22:137:35":13,"b:138:2:138:Infinity:undefined:undefined:undefined:undefined":13,"s:138:2:138:Infinity":60,"s:138:19:138:Infinity":61,"s:139:2:139:Infinity":62,"s:141:15:141:Infinity":63,"s:142:2:142:Infinity":64,"s:143:2:143:Infinity":65,"s:144:2:144:Infinity":66,"s:145:2:145:Infinity":67,"s:147:2:147:Infinity":68,"f:147:43:147:44":14,"s:147:50:147:70":69,"s:148:2:151:Infinity":70,"f:148:46:148:47":15,"s:149:4:149:Infinity":71,"s:150:4:150:Infinity":72,"s:152:2:152:Infinity":73,"f:152:45:152:46":16,"s:152:52:152:75":74,"s:153:2:153:Infinity":75,"f:153:45:153:46":17,"s:153:52:153:75":76,"s:154:2:157:Infinity":77,"f:154:35:154:41":18,"s:155:4:155:Infinity":78,"f:155:27:155:28":19,"s:155:34:155:39":79,"s:156:4:156:Infinity":80,"s:158:2:158:Infinity":81,"s:161:21:165:Infinity":82,"f:161:21:161:27":20,"s:162:18:162:Infinity":83,"s:163:4:163:Infinity":84,"f:163:23:163:24":21,"s:163:31:163:56":85,"b:164:4:164:Infinity:undefined:undefined:undefined:undefined":14,"s:164:4:164:Infinity":86,"s:164:17:164:Infinity":87,"s:166:2:166:Infinity":88,"s:167:2:167:Infinity":89,"s:171:2:174:Infinity":90,"f:171:35:171:47":22,"s:172:4:172:Infinity":91,"s:173:4:173:Infinity":92},"fnNames":{}}}
,"/Users/sibidharan/Developer/LocalDNS/desktop/app/src/lib/types.ts": {"path":"/Users/sibidharan/Developer/LocalDNS/desktop/app/src/lib/types.ts","statementMap":{},"fnMap":{},"branchMap":{},"s":{},"f":{},"b":{},"meta":{"lastBranch":0,"lastFunction":0,"lastStatement":0,"seen":{},"fnNames":{}}}
}
