{"/Users/sibidharan/Developer/LocalDNS/desktop/app/src/lib/api.ts": {"path":"/Users/sibidharan/Developer/LocalDNS/desktop/app/src/lib/api.ts","statementMap":{"0":{"start":{"line":18,"column":19},"end":{"line":53,"column":null}},"1":{"start":{"line":19,"column":16},"end":{"line":19,"column":null}},"2":{"start":{"line":21,"column":12},"end":{"line":21,"column":null}},"3":{"start":{"line":22,"column":15},"end":{"line":22,"column":null}},"4":{"start":{"line":23,"column":15},"end":{"line":23,"column":null}},"5":{"start":{"line":24,"column":31},"end":{"line":25,"column":null}},"6":{"start":{"line":26,"column":35},"end":{"line":27,"column":null}},"7":{"start":{"line":29,"column":20},"end":{"line":30,"column":null}},"8":{"start":{"line":31,"column":31},"end":{"line":32,"column":null}},"9":{"start":{"line":34,"column":15},"end":{"line":34,"column":null}},"10":{"start":{"line":35,"column":16},"end":{"line":36,"column":null}},"11":{"start":{"line":38,"column":13},"end":{"line":38,"column":null}},"12":{"start":{"line":39,"column":15},"end":{"line":39,"column":null}},"13":{"start":{"line":41,"column":15},"end":{"line":41,"column":null}},"14":{"start":{"line":42,"column":17},"end":{"line":42,"column":null}},"15":{"start":{"line":44,"column":13},"end":{"line":44,"column":null}},"16":{"start":{"line":45,"column":22},"end":{"line":46,"column":null}},"17":{"start":{"line":48,"column":20},"end":{"line":48,"column":null}},"18":{"start":{"line":49,"column":16},"end":{"line":49,"column":null}},"19":{"start":{"line":50,"column":25},"end":{"line":50,"column":null}},"20":{"start":{"line":52,"column":8},"end":{"line":52,"column":null}}},"fnMap":{"0":{"name":"(anonymous_0)","decl":{"start":{"line":19,"column":16},"end":{"line":19,"column":22}},"loc":{"start":{"line":19,"column":16},"end":{"line":19,"column":null}},"line":19},"1":{"name":"(anonymous_1)","decl":{"start":{"line":21,"column":11},"end":{"line":21,"column":12}},"loc":{"start":{"line":21,"column":12},"end":{"line":21,"column":null}},"line":21},"2":{"name":"(anonymous_2)","decl":{"start":{"line":22,"column":14},"end":{"line":22,"column":15}},"loc":{"start":{"line":22,"column":15},"end":{"line":22,"column":null}},"line":22},"3":{"name":"(anonymous_3)","decl":{"start":{"line":23,"column":14},"end":{"line":23,"column":15}},"loc":{"start":{"line":23,"column":15},"end":{"line":23,"column":null}},"line":23},"4":{"name":"(anonymous_4)","decl":{"start":{"line":24,"column":18},"end":{"line":24,"column":19}},"loc":{"start":{"line":24,"column":31},"end":{"line":25,"column":null}},"line":24},"5":{"name":"(anonymous_5)","decl":{"start":{"line":26,"column":19},"end":{"line":26,"column":20}},"loc":{"start":{"line":26,"column":35},"end":{"line":27,"column":null}},"line":26},"6":{"name":"(anonymous_6)","decl":{"start":{"line":29,"column":19},"end":{"line":29,"column":20}},"loc":{"start":{"line":29,"column":20},"end":{"line":30,"column":null}},"line":29},"7":{"name":"(anonymous_7)","decl":{"start":{"line":31,"column":16},"end":{"line":31,"column":17}},"loc":{"start":{"line":31,"column":31},"end":{"line":32,"column":null}},"line":31},"8":{"name":"(anonymous_8)","decl":{"start":{"line":34,"column":15},"end":{"line":34,"column":21}},"loc":{"start":{"line":34,"column":15},"end":{"line":34,"column":null}},"line":34},"9":{"name":"(anonymous_9)","decl":{"start":{"line":35,"column":15},"end":{"line":35,"column":16}},"loc":{"start":{"line":35,"column":16},"end":{"line":36,"column":null}},"line":35},"10":{"name":"(anonymous_10)","decl":{"start":{"line":38,"column":13},"end":{"line":38,"column":19}},"loc":{"start":{"line":38,"column":13},"end":{"line":38,"column":null}},"line":38},"11":{"name":"(anonymous_11)","decl":{"start":{"line":39,"column":15},"end":{"line":39,"column":21}},"loc":{"start":{"line":39,"column":15},"end":{"line":39,"column":null}},"line":39},"12":{"name":"(anonymous_12)","decl":{"start":{"line":41,"column":15},"end":{"line":41,"column":21}},"loc":{"start":{"line":41,"column":15},"end":{"line":41,"column":null}},"line":41},"13":{"name":"(anonymous_13)","decl":{"start":{"line":42,"column":17},"end":{"line":42,"column":23}},"loc":{"start":{"line":42,"column":17},"end":{"line":42,"column":null}},"line":42},"14":{"name":"(anonymous_14)","decl":{"start":{"line":44,"column":13},"end":{"line":44,"column":19}},"loc":{"start":{"line":44,"column":13},"end":{"line":44,"column":null}},"line":44},"15":{"name":"(anonymous_15)","decl":{"start":{"line":45,"column":21},"end":{"line":45,"column":22}},"loc":{"start":{"line":45,"column":22},"end":{"line":46,"column":null}},"line":45},"16":{"name":"(anonymous_16)","decl":{"start":{"line":48,"column":20},"end":{"line":48,"column":26}},"loc":{"start":{"line":48,"column":20},"end":{"line":48,"column":null}},"line":48},"17":{"name":"(anonymous_17)","decl":{"start":{"line":49,"column":16},"end":{"line":49,"column":22}},"loc":{"start":{"line":49,"column":16},"end":{"line":49,"column":null}},"line":49},"18":{"name":"(anonymous_18)","decl":{"start":{"line":50,"column":25},"end":{"line":50,"column":31}},"loc":{"start":{"line":50,"column":25},"end":{"line":50,"column":null}},"line":50},"19":{"name":"(anonymous_19)","decl":{"start":{"line":52,"column":8},"end":{"line":52,"column":14}},"loc":{"start":{"line":52,"column":8},"end":{"line":52,"column":null}},"line":52}},"branchMap":{},"s":{"0":2,"1":2,"2":1,"3":1,"4":1,"5":1,"6":1,"7":1,"8":1,"9":1,"10":1,"11":2,"12":1,"13":2,"14":1,"15":1,"16":1,"17":4,"18":1,"19":1,"20":1},"f":{"0":2,"1":1,"2":1,"3":1,"4":1,"5":1,"6":1,"7":1,"8":1,"9":1,"10":2,"11":1,"12":2,"13":1,"14":1,"15":1,"16":4,"17":1,"18":1,"19":1},"b":{},"meta":{"lastBranch":0,"lastFunction":20,"lastStatement":21,"seen":{"s:18:19:53:Infinity":0,"f:19:16:19:22":0,"s:19:16:19:Infinity":1,"f:21:11:21:12":1,"s:21:12:21:Infinity":2,"f:22:14:22:15":2,"s:22:15:22:Infinity":3,"f:23:14:23:15":3,"s:23:15:23:Infinity":4,"f:24:18:24:19":4,"s:24:31:25:Infinity":5,"f:26:19:26:20":5,"s:26:35:27:Infinity":6,"f:29:19:29:20":6,"s:29:20:30:Infinity":7,"f:31:16:31:17":7,"s:31:31:32:Infinity":8,"f:34:15:34:21":8,"s:34:15:34:Infinity":9,"f:35:15:35:16":9,"s:35:16:36:Infinity":10,"f:38:13:38:19":10,"s:38:13:38:Infinity":11,"f:39:15:39:21":11,"s:39:15:39:Infinity":12,"f:41:15:41:21":12,"s:41:15:41:Infinity":13,"f:42:17:42:23":13,"s:42:17:42:Infinity":14,"f:44:13:44:19":14,"s:44:13:44:Infinity":15,"f:45:21:45:22":15,"s:45:22:46:Infinity":16,"f:48:20:48:26":16,"s:48:20:48:Infinity":17,"f:49:16:49:22":17,"s:49:16:49:Infinity":18,"f:50:25:50:31":18,"s:50:25:50:Infinity":19,"f:52:8:52:14":19,"s:52:8:52:Infinity":20},"fnNames":{}}}
,"/Users/sibidharan/Developer/LocalDNS/desktop/app/src/lib/stores.ts": {"path":"/Users/sibidharan/Developer/LocalDNS/desktop/app/src/lib/stores.ts","statementMap":{"0":{"start":{"line":13,"column":13},"end":{"line":13,"column":null}},"1":{"start":{"line":14,"column":13},"end":{"line":19,"column":null}},"2":{"start":{"line":20,"column":13},"end":{"line":28,"column":null}},"3":{"start":{"line":29,"column":13},"end":{"line":29,"column":null}},"4":{"start":{"line":31,"column":13},"end":{"line":31,"column":null}},"5":{"start":{"line":34,"column":13},"end":{"line":34,"column":null}},"6":{"start":{"line":37,"column":13},"end":{"line":37,"column":null}},"7":{"start":{"line":40,"column":13},"end":{"line":40,"column":null}},"8":{"start":{"line":44,"column":13},"end":{"line":56,"column":null}},"9":{"start":{"line":47,"column":4},"end":{"line":47,"column":null}},"10":{"start":{"line":47,"column":23},"end":{"line":47,"column":null}},"11":{"start":{"line":48,"column":4},"end":{"line":48,"column":null}},"12":{"start":{"line":48,"column":26},"end":{"line":48,"column":null}},"13":{"start":{"line":49,"column":4},"end":{"line":49,"column":null}},"14":{"start":{"line":49,"column":20},"end":{"line":49,"column":null}},"15":{"start":{"line":51,"column":6},"end":{"line":53,"column":null}},"16":{"start":{"line":53,"column":38},"end":{"line":53,"column":62}},"17":{"start":{"line":54,"column":4},"end":{"line":54,"column":null}},"18":{"start":{"line":59,"column":13},"end":{"line":69,"column":null}},"19":{"start":{"line":62,"column":4},"end":{"line":62,"column":null}},"20":{"start":{"line":62,"column":23},"end":{"line":62,"column":null}},"21":{"start":{"line":63,"column":4},"end":{"line":63,"column":null}},"22":{"start":{"line":63,"column":26},"end":{"line":63,"column":null}},"23":{"start":{"line":64,"column":18},"end":{"line":64,"column":null}},"24":{"start":{"line":65,"column":4},"end":{"line":65,"column":null}},"25":{"start":{"line":65,"column":21},"end":{"line":65,"column":null}},"26":{"start":{"line":66,"column":15},"end":{"line":66,"column":null}},"27":{"start":{"line":66,"column":49},"end":{"line":66,"column":73}},"28":{"start":{"line":67,"column":4},"end":{"line":67,"column":null}},"29":{"start":{"line":72,"column":2},"end":{"line":76,"column":null}},"30":{"start":{"line":73,"column":4},"end":{"line":73,"column":null}},"31":{"start":{"line":84,"column":13},"end":{"line":84,"column":null}},"32":{"start":{"line":85,"column":15},"end":{"line":85,"column":null}},"33":{"start":{"line":88,"column":13},"end":{"line":88,"column":null}},"34":{"start":{"line":89,"column":2},"end":{"line":89,"column":null}},"35":{"start":{"line":89,"column":25},"end":{"line":89,"column":56}},"36":{"start":{"line":90,"column":2},"end":{"line":90,"column":null}},"37":{"start":{"line":90,"column":19},"end":{"line":90,"column":75}},"38":{"start":{"line":90,"column":42},"end":{"line":90,"column":72}},"39":{"start":{"line":90,"column":60},"end":{"line":90,"column":71}},"40":{"start":{"line":93,"column":18},"end":{"line":93,"column":null}},"41":{"start":{"line":96,"column":2},"end":{"line":96,"column":null}},"42":{"start":{"line":96,"column":19},"end":{"line":96,"column":null}},"43":{"start":{"line":97,"column":2},"end":{"line":97,"column":null}},"44":{"start":{"line":99,"column":15},"end":{"line":99,"column":null}},"45":{"start":{"line":100,"column":2},"end":{"line":100,"column":null}},"46":{"start":{"line":101,"column":2},"end":{"line":101,"column":null}},"47":{"start":{"line":102,"column":2},"end":{"line":102,"column":null}},"48":{"start":{"line":103,"column":2},"end":{"line":103,"column":null}},"49":{"start":{"line":105,"column":2},"end":{"line":105,"column":null}},"50":{"start":{"line":105,"column":50},"end":{"line":105,"column":70}},"51":{"start":{"line":106,"column":2},"end":{"line":109,"column":null}},"52":{"start":{"line":107,"column":4},"end":{"line":107,"column":null}},"53":{"start":{"line":108,"column":4},"end":{"line":108,"column":null}},"54":{"start":{"line":110,"column":2},"end":{"line":110,"column":null}},"55":{"start":{"line":110,"column":52},"end":{"line":110,"column":75}},"56":{"start":{"line":111,"column":2},"end":{"line":111,"column":null}},"57":{"start":{"line":111,"column":52},"end":{"line":111,"column":75}},"58":{"start":{"line":112,"column":2},"end":{"line":115,"column":null}},"59":{"start":{"line":113,"column":4},"end":{"line":113,"column":null}},"60":{"start":{"line":113,"column":34},"end":{"line":113,"column":39}},"61":{"start":{"line":114,"column":4},"end":{"line":114,"column":null}},"62":{"start":{"line":116,"column":2},"end":{"line":116,"column":null}},"63":{"start":{"line":120,"column":2},"end":{"line":123,"column":null}},"64":{"start":{"line":121,"column":4},"end":{"line":121,"column":null}},"65":{"start":{"line":122,"column":4},"end":{"line":122,"column":null}}},"fnMap":{"0":{"name":"(anonymous_0)","decl":{"start":{"line":46,"column":2},"end":{"line":46,"column":3}},"loc":{"start":{"line":46,"column":72},"end":{"line":55,"column":null}},"line":46},"1":{"name":"(anonymous_1)","decl":{"start":{"line":53,"column":31},"end":{"line":53,"column":32}},"loc":{"start":{"line":53,"column":38},"end":{"line":53,"column":62}},"line":53},"2":{"name":"(anonymous_2)","decl":{"start":{"line":61,"column":2},"end":{"line":61,"column":3}},"loc":{"start":{"line":61,"column":28},"end":{"line":68,"column":null}},"line":61},"3":{"name":"(anonymous_3)","decl":{"start":{"line":66,"column":42},"end":{"line":66,"column":43}},"loc":{"start":{"line":66,"column":49},"end":{"line":66,"column":73}},"line":66},"4":{"name":"refreshOverview","decl":{"start":{"line":71,"column":22},"end":{"line":71,"column":40}},"loc":{"start":{"line":71,"column":40},"end":{"line":77,"column":null}},"line":71},"5":{"name":"toast","decl":{"start":{"line":87,"column":16},"end":{"line":87,"column":22}},"loc":{"start":{"line":87,"column":74},"end":{"line":91,"column":null}},"line":87},"6":{"name":"(anonymous_6)","decl":{"start":{"line":89,"column":16},"end":{"line":89,"column":17}},"loc":{"start":{"line":89,"column":25},"end":{"line":89,"column":56}},"line":89},"7":{"name":"(anonymous_7)","decl":{"start":{"line":90,"column":13},"end":{"line":90,"column":19}},"loc":{"start":{"line":90,"column":19},"end":{"line":90,"column":75}},"line":90},"8":{"name":"(anonymous_8)","decl":{"start":{"line":90,"column":33},"end":{"line":90,"column":34}},"loc":{"start":{"line":90,"column":42},"end":{"line":90,"column":72}},"line":90},"9":{"name":"(anonymous_9)","decl":{"start":{"line":90,"column":53},"end":{"line":90,"column":54}},"loc":{"start":{"line":90,"column":60},"end":{"line":90,"column":71}},"line":90},"10":{"name":"initStores","decl":{"start":{"line":95,"column":22},"end":{"line":95,"column":35}},"loc":{"start":{"line":95,"column":35},"end":{"line":124,"column":null}},"line":95},"11":{"name":"(anonymous_11)","decl":{"start":{"line":105,"column":43},"end":{"line":105,"column":44}},"loc":{"start":{"line":105,"column":50},"end":{"line":105,"column":70}},"line":105},"12":{"name":"(anonymous_12)","decl":{"start":{"line":106,"column":46},"end":{"line":106,"column":47}},"loc":{"start":{"line":106,"column":53},"end":{"line":109,"column":3}},"line":106},"13":{"name":"(anonymous_13)","decl":{"start":{"line":110,"column":45},"end":{"line":110,"column":46}},"loc":{"start":{"line":110,"column":52},"end":{"line":110,"column":75}},"line":110},"14":{"name":"(anonymous_14)","decl":{"start":{"line":111,"column":45},"end":{"line":111,"column":46}},"loc":{"start":{"line":111,"column":52},"end":{"line":111,"column":75}},"line":111},"15":{"name":"(anonymous_15)","decl":{"start":{"line":112,"column":35},"end":{"line":112,"column":41}},"loc":{"start":{"line":112,"column":41},"end":{"line":115,"column":3}},"line":112},"16":{"name":"(anonymous_16)","decl":{"start":{"line":113,"column":27},"end":{"line":113,"column":28}},"loc":{"start":{"line":113,"column":34},"end":{"line":113,"column":39}},"line":113},"17":{"name":"(anonymous_17)","decl":{"start":{"line":120,"column":35},"end":{"line":120,"column":47}},"loc":{"start":{"line":120,"column":47},"end":{"line":123,"column":3}},"line":120}},"branchMap":{"0":{"loc":{"start":{"line":47,"column":4},"end":{"line":47,"column":null}},"type":"if","locations":[{"start":{"line":47,"column":4},"end":{"line":47,"column":null}},{"start":{},"end":{}}],"line":47},"1":{"loc":{"start":{"line":48,"column":4},"end":{"line":48,"column":null}},"type":"if","locations":[{"start":{"line":48,"column":4},"end":{"line":48,"column":null}},{"start":{},"end":{}}],"line":48},"2":{"loc":{"start":{"line":49,"column":4},"end":{"line":49,"column":null}},"type":"if","locations":[{"start":{"line":49,"column":4},"end":{"line":49,"column":null}},{"start":{},"end":{}}],"line":49},"3":{"loc":{"start":{"line":51,"column":6},"end":{"line":53,"column":null}},"type":"binary-expr","locations":[{"start":{"line":51,"column":6},"end":{"line":51,"column":null}},{"start":{"line":52,"column":6},"end":{"line":52,"column":null}},{"start":{"line":53,"column":6},"end":{"line":53,"column":null}}],"line":51},"4":{"loc":{"start":{"line":54,"column":11},"end":{"line":54,"column":null}},"type":"cond-expr","locations":[{"start":{"line":54,"column":21},"end":{"line":54,"column":30}},{"start":{"line":54,"column":30},"end":{"line":54,"column":null}}],"line":54},"5":{"loc":{"start":{"line":62,"column":4},"end":{"line":62,"column":null}},"type":"if","locations":[{"start":{"line":62,"column":4},"end":{"line":62,"column":null}},{"start":{},"end":{}}],"line":62},"6":{"loc":{"start":{"line":63,"column":4},"end":{"line":63,"column":null}},"type":"if","locations":[{"start":{"line":63,"column":4},"end":{"line":63,"column":null}},{"start":{},"end":{}}],"line":63},"7":{"loc":{"start":{"line":64,"column":18},"end":{"line":64,"column":null}},"type":"binary-expr","locations":[{"start":{"line":64,"column":18},"end":{"line":64,"column":48}},{"start":{"line":64,"column":48},"end":{"line":64,"column":null}}],"line":64},"8":{"loc":{"start":{"line":65,"column":4},"end":{"line":65,"column":null}},"type":"if","locations":[{"start":{"line":65,"column":4},"end":{"line":65,"column":null}},{"start":{},"end":{}}],"line":65},"9":{"loc":{"start":{"line":87,"column":60},"end":{"line":87,"column":74}},"type":"default-arg","locations":[{"start":{"line":87,"column":68},"end":{"line":87,"column":74}}],"line":87},"10":{"loc":{"start":{"line":96,"column":2},"end":{"line":96,"column":null}},"type":"if","locations":[{"start":{"line":96,"column":2},"end":{"line":96,"column":null}},{"start":{},"end":{}}],"line":96}},"s":{"0":1,"1":1,"2":1,"3":1,"4":1,"5":1,"6":1,"7":1,"8":1,"9":5,"10":1,"11":4,"12":1,"13":3,"14":0,"15":3,"16":2,"17":5,"18":1,"19":4,"20":1,"21":3,"22":1,"23":2,"24":4,"25":1,"26":1,"27":3,"28":1,"29":3,"30":3,"31":1,"32":1,"33":1,"34":1,"35":1,"36":1,"37":1,"38":1,"39":1,"40":1,"41":1,"42":0,"43":1,"44":1,"45":1,"46":1,"47":1,"48":1,"49":1,"50":1,"51":1,"52":1,"53":1,"54":1,"55":1,"56":1,"57":1,"58":1,"59":1,"60":1,"61":1,"62":1,"63":1,"64":1,"65":1},"f":{"0":5,"1":2,"2":4,"3":3,"4":3,"5":1,"6":1,"7":1,"8":1,"9":1,"10":1,"11":1,"12":1,"13":1,"14":1,"15":1,"16":1,"17":1},"b":{"0":[1,4],"1":[1,3],"2":[0,3],"3":[3,2,1],"4":[1,2],"5":[1,3],"6":[1,2],"7":[2,0],"8":[1,3],"9":[1],"10":[0,1]},"meta":{"lastBranch":11,"lastFunction":18,"lastStatement":66,"seen":{"s:13:13:13:Infinity":0,"s:14:13:19:Infinity":1,"s:20:13:28:Infinity":2,"s:29:13:29:Infinity":3,"s:31:13:31:Infinity":4,"s:34:13:34:Infinity":5,"s:37:13:37:Infinity":6,"s:40:13:40:Infinity":7,"s:44:13:56:Infinity":8,"f:46:2:46:3":0,"b:47:4:47:Infinity:undefined:undefined:undefined:undefined":0,"s:47:4:47:Infinity":9,"s:47:23:47:Infinity":10,"b:48:4:48:Infinity:undefined:undefined:undefined:undefined":1,"s:48:4:48:Infinity":11,"s:48:26:48:Infinity":12,"b:49:4:49:Infinity:undefined:undefined:undefined:undefined":2,"s:49:4:49:Infinity":13,"s:49:20:49:Infinity":14,"s:51:6:53:Infinity":15,"b:51:6:51:Infinity:52:6:52:Infinity:53:6:53:Infinity":3,"f:53:31:53:32":1,"s:53:38:53:62":16,"s:54:4:54:Infinity":17,"b:54:21:54:30:54:30:54:Infinity":4,"s:59:13:69:Infinity":18,"f:61:2:61:3":2,"b:62:4:62:Infinity:undefined:undefined:undefined:undefined":5,"s:62:4:62:Infinity":19,"s:62:23:62:Infinity":20,"b:63:4:63:Infinity:undefined:undefined:undefined:undefined":6,"s:63:4:63:Infinity":21,"s:63:26:63:Infinity":22,"s:64:18:64:Infinity":23,"b:64:18:64:48:64:48:64:Infinity":7,"b:65:4:65:Infinity:undefined:undefined:undefined:undefined":8,"s:65:4:65:Infinity":24,"s:65:21:65:Infinity":25,"s:66:15:66:Infinity":26,"f:66:42:66:43":3,"s:66:49:66:73":27,"s:67:4:67:Infinity":28,"f:71:22:71:40":4,"s:72:2:76:Infinity":29,"s:73:4:73:Infinity":30,"s:84:13:84:Infinity":31,"s:85:15:85:Infinity":32,"f:87:16:87:22":5,"b:87:68:87:74":9,"s:88:13:88:Infinity":33,"s:89:2:89:Infinity":34,"f:89:16:89:17":6,"s:89:25:89:56":35,"s:90:2:90:Infinity":36,"f:90:13:90:19":7,"s:90:19:90:75":37,"f:90:33:90:34":8,"s:90:42:90:72":38,"f:90:53:90:54":9,"s:90:60:90:71":39,"s:93:18:93:Infinity":40,"f:95:22:95:35":10,"b:96:2:96:Infinity:undefined:undefined:undefined:undefined":10,"s:96:2:96:Infinity":41,"s:96:19:96:Infinity":42,"s:97:2:97:Infinity":43,"s:99:15:99:Infinity":44,"s:100:2:100:Infinity":45,"s:101:2:101:Infinity":46,"s:102:2:102:Infinity":47,"s:103:2:103:Infinity":48,"s:105:2:105:Infinity":49,"f:105:43:105:44":11,"s:105:50:105:70":50,"s:106:2:109:Infinity":51,"f:106:46:106:47":12,"s:107:4:107:Infinity":52,"s:108:4:108:Infinity":53,"s:110:2:110:Infinity":54,"f:110:45:110:46":13,"s:110:52:110:75":55,"s:111:2:111:Infinity":56,"f:111:45:111:46":14,"s:111:52:111:75":57,"s:112:2:115:Infinity":58,"f:112:35:112:41":15,"s:113:4:113:Infinity":59,"f:113:27:113:28":16,"s:113:34:113:39":60,"s:114:4:114:Infinity":61,"s:116:2:116:Infinity":62,"s:120:2:123:Infinity":63,"f:120:35:120:47":17,"s:121:4:121:Infinity":64,"s:122:4:122:Infinity":65},"fnNames":{}}}
}
